go: downloading k8s.io/component-base v0.23.15
go: downloading k8s.io/apiserver v0.23.15
go: downloading github.com/sirupsen/logrus v1.9.0
go: downloading github.com/spf13/cobra v1.6.1
go: downloading github.com/spf13/pflag v1.0.5
go: downloading k8s.io/cri-api v0.22.8
go: downloading k8s.io/apimachinery v0.23.15
go: downloading github.com/coreos/go-systemd/v22 v22.5.0
go: downloading github.com/pkg/errors v0.9.1
go: downloading google.golang.org/grpc v1.51.0
go: downloading k8s.io/kubernetes v1.22.8
go: downloading github.com/docker/docker v23.0.3+incompatible
go: downloading github.com/emicklei/go-restful v2.16.0+incompatible
go: downloading k8s.io/client-go v0.23.15
go: downloading github.com/Microsoft/hcsshim v0.8.22
go: downloading github.com/armon/circbuf v0.0.0-20150827004946-bbbad097214e
go: downloading github.com/blang/semver v3.5.1+incompatible
go: downloading github.com/opencontainers/image-spec v1.1.0-rc3
go: downloading github.com/opencontainers/go-digest v1.0.0
go: downloading golang.org/x/sys v0.5.0
go: downloading k8s.io/api v0.24.0
go: downloading github.com/inconshreveable/mousetrap v1.1.0
go: downloading github.com/gogo/protobuf v1.3.2
go: downloading github.com/docker/distribution v2.8.2-beta.1+incompatible
go: downloading github.com/docker/go-connections v0.4.0
go: downloading k8s.io/klog/v2 v2.80.1
go: downloading github.com/google/gofuzz v1.1.0
go: downloading github.com/evanphx/json-patch v4.12.0+incompatible
go: downloading github.com/google/uuid v1.3.0
go: downloading go.opentelemetry.io/otel/trace v0.20.0
go: downloading go.opentelemetry.io/otel v0.20.0
go: downloading golang.org/x/net v0.7.0
go: downloading k8s.io/kube-openapi v0.0.0-20211115234752-e816edb12b65
go: downloading k8s.io/utils v0.0.0-20221107191617-1a15be271d1d
go: downloading github.com/json-iterator/go v1.1.12
go: downloading google.golang.org/genproto v0.0.0-20230106154932-a12b697841d9
go: downloading github.com/opencontainers/runc v1.1.5
go: downloading k8s.io/component-helpers v0.26.0
go: downloading github.com/containernetworking/cni v1.1.2
go: downloading github.com/vishvananda/netlink v1.1.0
go: downloading github.com/davecgh/go-spew v1.1.1
go: downloading github.com/docker/go-units v0.5.0
go: downloading github.com/moby/term v0.0.0-20210619224110-3f7ff695adc6
go: downloading github.com/morikuni/aec v1.0.0
go: downloading github.com/Microsoft/go-winio v0.4.17
go: downloading github.com/go-logr/logr v1.2.3
go: downloading gopkg.in/inf.v0 v0.9.1
go: downloading github.com/google/go-cmp v0.5.9
go: downloading sigs.k8s.io/structured-merge-diff/v4 v4.2.3
go: downloading sigs.k8s.io/yaml v1.3.0
go: downloading go.opentelemetry.io/contrib/instrumentation/net/http/otelhttp v0.20.0
go: downloading github.com/fsnotify/fsnotify v1.4.9
go: downloading sigs.k8s.io/apiserver-network-proxy/konnectivity-client v0.0.33
go: downloading github.com/googleapis/gnostic v0.5.5
go: downloading github.com/NYTimes/gziphandler v1.1.1
go: downloading github.com/golang/protobuf v1.5.2
go: downloading github.com/munnerz/goautoneg v0.0.0-20191010083416-a7dc8b61c822
go: downloading gopkg.in/yaml.v2 v2.4.0
go: downloading go.opentelemetry.io/contrib v0.20.0
go: downloading github.com/go-openapi/jsonreference v0.20.0
go: downloading github.com/go-openapi/swag v0.19.14
go: downloading github.com/modern-go/concurrent v0.0.0-20180306012644-bacd9c7ef1dd
go: downloading github.com/modern-go/reflect2 v1.0.2
go: downloading google.golang.org/protobuf v1.28.1
go: downloading github.com/JeffAshton/win_pdh v0.0.0-20161109143554-76bb4ee9f0ab
go: downloading github.com/google/cadvisor v0.44.1
go: downloading github.com/prometheus/client_golang v1.14.0
go: downloading github.com/prometheus/client_model v0.3.0
go: downloading github.com/prometheus/procfs v0.9.0
go: downloading github.com/cyphar/filepath-securejoin v0.2.3
go: downloading github.com/moby/sys/mountinfo v0.6.2
go: downloading github.com/opencontainers/runtime-spec v1.0.3-0.20210326190908-1c3f411f0417
go: downloading go.opencensus.io v0.23.0
go: downloading sigs.k8s.io/json v0.0.0-20220713155537-f223a00ba0e2
go: downloading github.com/vishvananda/netns v0.0.1
go: downloading golang.org/x/text v0.7.0
go: downloading golang.org/x/sync v0.1.0
go: downloading go.opentelemetry.io/otel/exporters/otlp v0.20.0
go: downloading go.opentelemetry.io/otel/sdk v0.20.0
go: downloading github.com/grpc-ecosystem/go-grpc-prometheus v1.2.0
go: downloading go.etcd.io/etcd/client/pkg/v3 v3.5.1
go: downloading go.etcd.io/etcd/client/v3 v3.5.1
go: downloading go.opentelemetry.io/contrib/instrumentation/google.golang.org/grpc/otelgrpc v0.20.0
go: downloading go.uber.org/zap v1.24.0
go: downloading golang.org/x/time v0.3.0
go: downloading golang.org/x/term v0.5.0
go: downloading golang.org/x/oauth2 v0.3.0
go: downloading gopkg.in/yaml.v3 v3.0.1
go: downloading github.com/moby/spdystream v0.2.0
go: downloading github.com/felixge/httpsnoop v1.0.1
go: downloading go.opentelemetry.io/otel/metric v0.20.0
go: downloading github.com/go-openapi/jsonpointer v0.19.5
go: downloading github.com/mailru/easyjson v0.7.6
go: downloading github.com/godbus/dbus/v5 v5.1.0
go: downloading github.com/lithammer/dedent v1.1.0
go: downloading github.com/containerd/cgroups v1.0.1
go: downloading github.com/Azure/go-ansiterm v0.0.0-20210617225240-d185dfc1b5a1
go: downloading github.com/prometheus/common v0.39.0
go: downloading github.com/beorn7/perks v1.0.1
go: downloading github.com/cespare/xxhash/v2 v2.2.0
go: downloading github.com/imdario/mergo v0.3.7
go: downloading github.com/golang/groupcache v0.0.0-20210331224755-41bb18bfe9da
go: downloading go.etcd.io/etcd/api/v3 v3.5.1
go: downloading go.opentelemetry.io/otel/sdk/export/metric v0.20.0
go: downloading go.opentelemetry.io/otel/sdk/metric v0.20.0
go: downloading go.opentelemetry.io/proto/otlp v0.7.0
go: downloading go.uber.org/atomic v1.10.0
go: downloading go.uber.org/multierr v1.9.0
go: downloading github.com/josharian/intern v1.0.0
go: downloading github.com/matttproud/golang_protobuf_extensions v1.0.4
go: downloading github.com/coreos/go-semver v0.3.0
go: downloading google.golang.org/appengine v1.6.7
go: downloading github.com/grpc-ecosystem/grpc-gateway v1.16.0
